app/build/outputs/logs/manifest-merger-release-report.txt
-- Merging decision tree log ---
manifest
ADDED from src\main\AndroidManifest.xml:2:1-42:12
INJECTED from src\main\AndroidManifest.xml:2:1-42:12
INJECTED from src\main\AndroidManifest.xml:2:1-42:12
INJECTED from src\main\AndroidManifest.xml:2:1-42:12
MERGED from [:aNekoSampleSkin] AndroidManifest.xml:2:1-40:12
MERGED from [com.android.support:multidex:1.0.2] AndroidManifest.xml:17:1-22:12
INJECTED from src\main\AndroidManifest.xml:2:1-42:12
INJECTED from src\main\AndroidManifest.xml:2:1-42:12
INJECTED from src\main\AndroidManifest.xml:2:1-42:12
	package
		ADDED from src\main\AndroidManifest.xml:3:11-39
		INJECTED from src\main\AndroidManifest.xml
		INJECTED from src\main\AndroidManifest.xml
	android:versionName
		ADDED from src\main\AndroidManifest.xml:5:11-38
		INJECTED from src\main\AndroidManifest.xml
		INJECTED from src\main\AndroidManifest.xml
	xmlns:android
		ADDED from src\main\AndroidManifest.xml:2:11-69
	android:versionCode
		ADDED from src\main\AndroidManifest.xml:4:11-35
		INJECTED from src\main\AndroidManifest.xml
		INJECTED from src\main\AndroidManifest.xml
uses-permission#android.permission.RECEIVE_BOOT_COMPLETED
ADDED from src\main\AndroidManifest.xml:7:3-79
	android:name
		ADDED from src\main\AndroidManifest.xml:7:20-76
uses-permission#android.permission.SYSTEM_ALERT_WINDOW
ADDED from src\main\AndroidManifest.xml:8:3-76
	android:name
		ADDED from src\main\AndroidManifest.xml:8:20-73
application
ADDED from src\main\AndroidManifest.xml:10:3-41:17
MERGED from [:aNekoSampleSkin] AndroidManifest.xml:11:5-38:19
MERGED from [:aNekoSampleSkin] AndroidManifest.xml:11:5-38:19
	android:label
		ADDED from src\main\AndroidManifest.xml:10:46-78
	android:icon
		ADDED from src\main\AndroidManifest.xml:10:16-45
	android:theme
		ADDED from src\main\AndroidManifest.xml:10:79-126
activity#org.tamanegi.aneko.ANekoActivity
ADDED from src\main\AndroidManifest.xml:12:5-18:16
	android:label
		ADDED from src\main\AndroidManifest.xml:13:15-47
	android:name
		ADDED from src\main\AndroidManifest.xml:12:15-44
intent-filter#action:name:android.intent.action.MAIN+category:name:android.intent.category.LAUNCHER
ADDED from src\main\AndroidManifest.xml:14:7-17:23
action#android.intent.action.MAIN
ADDED from src\main\AndroidManifest.xml:15:9-61
	android:name
		ADDED from src\main\AndroidManifest.xml:15:17-58
category#android.intent.category.LAUNCHER
ADDED from src\main\AndroidManifest.xml:16:9-69
	android:name
		ADDED from src\main\AndroidManifest.xml:16:19-66
receiver#org.tamanegi.aneko.ANekoReceiver
ADDED from src\main\AndroidManifest.xml:20:5-28:16
	android:name
		ADDED from src\main\AndroidManifest.xml:20:15-44
intent-filter#action:name:android.intent.action.BOOT_COMPLETED
ADDED from src\main\AndroidManifest.xml:21:7-23:23
action#android.intent.action.BOOT_COMPLETED
ADDED from src\main\AndroidManifest.xml:22:9-71
	android:name
		ADDED from src\main\AndroidManifest.xml:22:17-68
intent-filter#action:name:android.intent.action.PACKAGE_REPLACED+data:scheme:package
ADDED from src\main\AndroidManifest.xml:24:7-27:23
action#android.intent.action.PACKAGE_REPLACED
ADDED from src\main\AndroidManifest.xml:25:9-73
	android:name
		ADDED from src\main\AndroidManifest.xml:25:17-70
data
ADDED from src\main\AndroidManifest.xml:26:9-42
	android:scheme
		ADDED from src\main\AndroidManifest.xml:26:15-39
service#org.tamanegi.aneko.AnimationService
ADDED from src\main\AndroidManifest.xml:30:5-49
	android:name
		ADDED from src\main\AndroidManifest.xml:30:14-46
activity#org.tamanegi.aneko.NekoSkin
ADDED from src\main\AndroidManifest.xml:32:5-39:16
	android:label
		ADDED from src\main\AndroidManifest.xml:33:15-53
	android:name
		ADDED from src\main\AndroidManifest.xml:32:15-39
intent-filter#action:name:org.tamanegi.aneko.action.GET_SKIN
ADDED from src\main\AndroidManifest.xml:34:7-36:23
action#org.tamanegi.aneko.action.GET_SKIN
ADDED from src\main\AndroidManifest.xml:35:9-69
	android:name
		ADDED from src\main\AndroidManifest.xml:35:17-66
meta-data#org.tamanegi.aneko.skin
ADDED from src\main\AndroidManifest.xml:37:7-38:49
	android:resource
		ADDED from src\main\AndroidManifest.xml:38:18-46
	android:name
		ADDED from src\main\AndroidManifest.xml:37:18-56
uses-sdk
INJECTED from src\main\AndroidManifest.xml reason: use-sdk injection requested
INJECTED from src\main\AndroidManifest.xml
INJECTED from src\main\AndroidManifest.xml
MERGED from [:aNekoSampleSkin] AndroidManifest.xml:7:5-9:41
MERGED from [:aNekoSampleSkin] AndroidManifest.xml:7:5-9:41
MERGED from [com.android.support:multidex:1.0.2] AndroidManifest.xml:20:5-43
MERGED from [com.android.support:multidex:1.0.2] AndroidManifest.xml:20:5-43
INJECTED from src\main\AndroidManifest.xml
INJECTED from src\main\AndroidManifest.xml
	android:targetSdkVersion
		INJECTED from src\main\AndroidManifest.xml
		ADDED from src\main\AndroidManifest.xml
		INJECTED from src\main\AndroidManifest.xml
	android:minSdkVersion
		INJECTED from src\main\AndroidManifest.xml
		ADDED from src\main\AndroidManifest.xml
		INJECTED from src\main\AndroidManifest.xml
activity#com.example.aneko.sample.SkinActivity
ADDED from [:aNekoSampleSkin] AndroidManifest.xml:16:9-37:20
	android:label
		ADDED from [:aNekoSampleSkin] AndroidManifest.xml:18:13-46
	android:theme
		ADDED from [:aNekoSampleSkin] AndroidManifest.xml:19:13-59
	android:name
		ADDED from [:aNekoSampleSkin] AndroidManifest.xml:17:13-65
intent-filter#action:name:android.intent.action.MAIN+category:name:android.intent.category.INFO
ADDED from [:aNekoSampleSkin] AndroidManifest.xml:22:13-26:29
category#android.intent.category.INFO
ADDED from [:aNekoSampleSkin] AndroidManifest.xml:25:17-73
	android:name
		ADDED from [:aNekoSampleSkin] AndroidManifest.xml:25:27-70